C51 COMPILER V9.59.0.0   MAIN                                                              12/28/2018 18:58:04 PAGE 1   


C51 COMPILER V9.59.0.0, COMPILATION OF MODULE MAIN
OBJECT MODULE PLACED IN .\Objects\main.obj
COMPILER INVOKED BY: C:\Keil_v5_2\C51\BIN\C51.EXE main.c OPTIMIZE(8,SPEED) BROWSE DEBUG OBJECTEXTEND PRINT(.\Listings\ma
                    -in.lst) TABS(2) OBJECT(.\Objects\main.obj)

line level    source

   1          #include "reg51.H"  
   2          
   3          #define uchar unsigned char
   4          #define uint unsigned int
   5          
   6           uchar code LCD_DATA[1717] = {    //全屏图片：让老王赶紧上新
   7          0X00,0X00,0X00,0X00,0X00,0X00,0X00,0X00,0X00,0X00,0X00,0X00,0X00,0X00,0X00,0X00,
   8          0X00,0X00,0X00,0X00,0X00,0X00,0X00,0X00,0X00,0X00,0X00,0X00,0X0C,0XFC,0X00,0X00,
   9          0X00,0X00,0XC0,0X0F,0X00,0X00,0X00,0X00,0X00,0X00,0X00,0X00,0XC0,0X0F,0XFC,0X00,
  10          0X00,0X00,0X00,0XC0,0X0F,0X00,0X00,0X00,0X00,0X00,0X00,0X00,0X00,0X00,0X3F,0XFC,
  11          0XF0,0X03,0X00,0X00,0XC0,0X0F,0X00,0X00,0X00,0X00,0X00,0X00,0X00,0X00,0X00,0X3F,
  12          0XFC,0XF0,0X03,0X00,0X00,0XC0,0X0F,0X00,0X00,0X00,0X00,0X00,0X00,0X00,0X00,0X00,
  13          0X3F,0XFC,0XF0,0X03,0X00,0X00,0XC0,0X0F,0X00,0X00,0X00,0X00,0X00,0X00,0X00,0X00,
  14          0XFC,0XFF,0XFC,0XF0,0X03,0X00,0X00,0XC0,0X0F,0X00,0X00,0X00,0X00,0X00,0X00,0X00,
  15          0X00,0XFF,0XFF,0XFC,0XF0,0X03,0X00,0X00,0XC0,0X0F,0X00,0X00,0X00,0X00,0X00,0X00,
  16          0X00,0XC0,0XFF,0XFF,0XFF,0XFF,0X3F,0X00,0X00,0XC0,0XFF,0XFF,0XFF,0XFF,0X3F,0X00,
  17          0X00,0X00,0XC0,0XCF,0XFF,0XFF,0XFF,0X3F,0X00,0X00,0XC0,0XFF,0XFF,0XFF,0XFF,0X3F,
  18          0X00,0X00,0X00,0XC0,0XCF,0XCF,0XFF,0XFF,0X3F,0X00,0X00,0XC0,0XFF,0XFF,0XFF,0XFF,
  19          0X3F,0X00,0X00,0X00,0XC0,0XCF,0X0F,0XFF,0XF0,0X03,0X00,0X00,0XC0,0XFF,0XFF,0XFF,
  20          0XFF,0X3F,0X00,0X00,0X00,0XC0,0X0F,0X3F,0XFF,0XF0,0X03,0X00,0X00,0XC0,0X0F,0X00,
  21          0XF0,0X03,0X00,0X00,0X00,0X00,0XC0,0X0F,0X3F,0XFC,0XF3,0X03,0X00,0X00,0XC0,0X0F,
  22          0X00,0XF0,0X03,0X00,0X00,0X00,0X00,0XC0,0X0F,0X3F,0XFC,0XFF,0X03,0X00,0X00,0XC0,
  23          0X0F,0X00,0XF0,0X03,0X00,0X00,0X00,0X00,0XC0,0X0F,0X3F,0XFC,0X0F,0X00,0X00,0X00,
  24          0XC0,0X0F,0X00,0XF0,0X03,0X00,0X00,0X00,0X00,0XC0,0X0F,0XFF,0XFC,0X3F,0X00,0X00,
  25          0X00,0XC0,0X0F,0X00,0XF0,0X03,0X00,0X00,0X00,0X00,0XC0,0XFF,0XFC,0XFC,0XFC,0X00,
  26          0X00,0X00,0XC0,0X0F,0X00,0XF0,0X03,0X00,0X00,0X00,0X00,0XC0,0XFF,0X3C,0XFC,0XF0,
  27          0X03,0X00,0X00,0XC0,0X0F,0X00,0XF0,0X03,0X00,0X00,0X00,0X00,0X00,0X3F,0X0C,0XFC,
  28          0XF0,0X00,0X00,0X00,0XC0,0X0F,0X00,0X00,0X00,0X00,0X00,0X00,0X00,0X00,0X00,0X00,
  29          0XFC,0XC0,0X00,0X00,0X00,0X00,0X00,0X00,0X00,0X00,0X00,0X00,0X00,0X00,0X00,0X00,
  30          0X00,0XFC,0X00,0X00,0X00,0X00,0X00,0X0C,0X00,0XF0,0X00,0X00,0X00,0X00,0X00,0X00,
  31          0X00,0X00,0X00,0X00,0X00,0X00,0X00,0X00,0XFF,0XF0,0XF0,0XC0,0X03,0X00,0X00,0X00,
  32          0XC0,0X0F,0X00,0X00,0X00,0X00,0X00,0X00,0X00,0XFF,0XF3,0XF0,0XCF,0X03,0X00,0X00,
  33          0X00,0XC0,0X0F,0XC0,0X0F,0XC0,0X0F,0X00,0X00,0XF0,0XC3,0XF3,0XF0,0XFF,0X03,0X00,
  34          0X00,0X00,0XC0,0X0F,0XC0,0X0F,0XC0,0X0F,0X00,0X00,0XF0,0X03,0XF0,0XF0,0XCF,0X3F,
  35          0X00,0X00,0X00,0XC0,0X0F,0XC0,0X0F,0XC0,0X0F,0X00,0X00,0XF0,0XFF,0XFF,0XFF,0XC0,
  36          0X3F,0X00,0X00,0X00,0XC0,0X0F,0XC0,0X0F,0XC0,0X0F,0X00,0X00,0XC0,0XFF,0XFF,0XFF,
  37          0XC0,0X3F,0X00,0X00,0X00,0XC0,0X0F,0XC0,0X0F,0XC0,0X0F,0X00,0X00,0X00,0XC0,0XF0,
  38          0XF0,0XFF,0X03,0X00,0X00,0X00,0XC0,0X0F,0XC0,0X0F,0XC0,0X0F,0X00,0X00,0X00,0XF0,
  39          0XF3,0XF0,0XFF,0X03,0X00,0X00,0X00,0XC0,0X0F,0XC0,0X0F,0XC0,0X0F,0X00,0X00,0X00,
  40          0XFC,0XF3,0XF0,0XCC,0X03,0X00,0X00,0X00,0XC0,0XFF,0XFF,0XFF,0XFF,0X0F,0X00,0X00,
  41          0XC0,0X33,0XF0,0XF0,0XC0,0X03,0X00,0X00,0X00,0XC0,0XFF,0XFF,0XFF,0XFF,0X0F,0X00,
  42          0X00,0XF0,0XFF,0X00,0X00,0X00,0X00,0X00,0X00,0X00,0XC0,0XFF,0XFF,0XFF,0XFF,0X0F,
  43          0X00,0X00,0XC0,0XFF,0XFF,0XFF,0XFF,0X03,0X00,0X00,0X00,0XC0,0X0F,0XC0,0X0F,0XC0,
  44          0X0F,0X00,0X00,0X00,0XFC,0XFF,0XFF,0XFF,0X03,0X00,0X00,0X00,0XC0,0X0F,0XC0,0X0F,
  45          0XC0,0X0F,0X00,0X00,0X00,0X00,0XFC,0XFF,0XFF,0X03,0X00,0X00,0X00,0XC0,0X0F,0XC0,
  46          0X0F,0XC0,0X0F,0X00,0X00,0X00,0X00,0X00,0XFC,0XC0,0X0F,0X00,0X00,0X00,0XC0,0X0F,
  47          0XC0,0X0F,0XC0,0X0F,0X00,0X00,0XF0,0XFF,0XFF,0XFF,0XC0,0X0F,0X00,0X00,0X00,0XC0,
  48          0X0F,0XC0,0X0F,0XC0,0X0F,0X00,0X00,0XF0,0XFF,0XFF,0XFF,0XC0,0X0F,0X00,0X00,0X00,
  49          0XC0,0X0F,0XC0,0X0F,0XC0,0X0F,0X00,0X00,0XF0,0XFF,0XFF,0XFF,0X00,0X3F,0X00,0X00,
  50          0X00,0XC0,0X0F,0XC0,0X0F,0XC0,0X0F,0X00,0X00,0X00,0X00,0X00,0XFC,0X00,0X3F,0X00,
  51          0X00,0X00,0XC0,0X0F,0X00,0X00,0X00,0X00,0X00,0X00,0X00,0X00,0X00,0XFC,0X00,0X00,
  52          0X00,0X00,0X00,0X00,0X00,0X00,0X00,0X00,0X00,0X00,0X00,0X00,0X00,0X00,0X00,0X00,
  53          0X00,0X00,0X00,0X00,0X00,0X00,0X00,0XFC,0X00,0X00,0X00,0X00,0XF0,0XFF,0XFF,0X00,
  54          0X00,0X00,0X00,0X00,0X00,0XC0,0XFF,0X0F,0XFC,0XF0,0X03,0X00,0X00,0XF0,0XFF,0XFF,
C51 COMPILER V9.59.0.0   MAIN                                                              12/28/2018 18:58:04 PAGE 2   

  55          0X00,0X00,0X00,0X00,0X00,0X00,0XF0,0XFF,0XFF,0XFC,0XF0,0X03,0X00,0X00,0XF0,0XFF,
  56          0XFF,0XF0,0XFF,0X0F,0X00,0X00,0X00,0X00,0XFC,0XFF,0XFC,0XF0,0X03,0X00,0X00,0XC0,
  57          0X0F,0XFC,0XF0,0XFF,0X0F,0X00,0X00,0X00,0X00,0X3F,0X00,0XFC,0XFF,0X3F,0X00,0X00,
  58          0XC0,0X0F,0XFC,0XF0,0XFF,0X0F,0X00,0X00,0X00,0X00,0XFF,0XFF,0XFF,0XFF,0X3F,0X00,
  59          0X00,0XC0,0X0F,0XFC,0XF0,0XC3,0X0F,0X00,0X00,0X00,0XC0,0XFF,0XFF,0XFF,0XFF,0X3F,
  60          0X00,0X00,0XF0,0XFF,0XFF,0XF0,0XC3,0X0F,0X00,0X00,0X00,0XC0,0XFF,0XFF,0XFF,0XF0,
  61          0X03,0X00,0X00,0XF0,0XFF,0XFF,0XF0,0XC3,0X0F,0X00,0X00,0X00,0XC0,0X0F,0X3F,0XFC,
  62          0XF0,0X03,0X00,0X00,0XF0,0XFF,0XFF,0XF0,0XC3,0X0F,0X00,0X00,0X00,0XC0,0X0F,0X3F,
  63          0XFC,0XF0,0X03,0X00,0X00,0X00,0X00,0X00,0XF0,0XC3,0X0F,0X00,0X00,0X00,0XC0,0X0F,
  64          0X00,0X3F,0X00,0X00,0X00,0X00,0XF0,0XFF,0XFF,0XF0,0XC3,0X0F,0X00,0X00,0X00,0XC0,
  65          0X0F,0X00,0X3F,0XC0,0X0F,0X00,0X00,0XF0,0XFF,0XFF,0XF0,0XC3,0X0F,0X00,0X00,0X00,
  66          0XC0,0X0F,0X00,0X3F,0XC0,0X0F,0X00,0X00,0XF0,0XFF,0XFF,0XF0,0XC3,0X0F,0X00,0X00,
  67          0X00,0XC0,0X0F,0X00,0X3F,0XC0,0X0F,0X00,0X00,0XC0,0X0F,0XFC,0XF0,0XC3,0X0F,0X00,
  68          0X00,0X00,0XC0,0XCF,0XFF,0XFF,0XFF,0X0F,0X00,0X00,0XC0,0X0F,0XFC,0XF0,0XFF,0X0F,
  69          0X00,0X00,0X00,0XC0,0XCF,0XFF,0XFF,0XFF,0X0F,0X00,0X00,0XC0,0X0F,0XFC,0XF0,0XFF,
  70          0X0F,0X00,0X00,0X00,0XC0,0XCF,0XFF,0XFF,0XFF,0X0F,0X00,0X00,0XF0,0XFF,0XFF,0XF0,
  71          0XFF,0X0F,0X00,0X00,0X00,0XC0,0X0F,0X00,0X3F,0XC0,0X0F,0X00,0X00,0XF0,0XFF,0XFF,
  72          0X00,0X00,0X00,0X00,0X00,0X00,0XC0,0X0F,0X00,0X3F,0XC0,0X0F,0X00,0X00,0XF0,0XFF,
  73          0XFF,0X00,0X00,0X00,0X00,0X00,0X00,0XC0,0X0F,0X00,0X3F,0XC0,0X0F,0X00,0X00,0X00,
  74          0X00,0X00,0X00,0X00,0X00,0X00,0X00,0X00,0X00,0X0C,0X00,0X00,0X00,0X00,0X00,0X00,
  75          0X00,0X00,0X00,0X00,0X00,0X00,0X00,0X00,0X00,0X00,0X00,0X00,0X00,0X00,0X00,0X00,
  76          0X00,0X00,0X00,0X00,0X00,0X00,0X00,0X00,0X00,0X00,0XC0,0X00,0X00,0XF0,0XFF,0X0F,
  77          0X00,0X00,0X00,0X00,0X00,0X00,0X00,0X00,0X00,0X00,0X00,0XF0,0XC3,0X03,0XF0,0XFF,
  78          0X0F,0X00,0X00,0X00,0X00,0X00,0X00,0X00,0X00,0X00,0X00,0X00,0XC0,0XCF,0XF3,0XF0,
  79          0XFF,0X0F,0X00,0X00,0X00,0X00,0X00,0X00,0X00,0X00,0X00,0X00,0X00,0XC0,0XCF,0XFF,
  80          0X03,0X00,0X00,0X00,0X00,0X00,0X00,0X00,0X00,0X00,0X00,0X00,0X00,0X00,0X00,0XFF,
  81          0XFF,0XF3,0XFF,0X3F,0X00,0X00,0X00,0X00,0X00,0X00,0X00,0X00,0X00,0X00,0X00,0X00,
  82          0XFF,0XFF,0XF3,0XFF,0X3F,0X00,0X00,0X00,0X00,0X00,0X00,0X00,0X00,0X00,0X00,0X00,
  83          0XF0,0XC3,0XFF,0XFF,0XFF,0X3F,0X00,0X00,0X00,0X00,0X00,0X00,0X00,0X00,0X00,0X00,
  84          0X00,0XF0,0XC3,0XFF,0XFF,0X00,0X00,0X00,0X00,0X00,0X00,0X00,0X00,0X00,0X00,0X00,
  85          0X00,0X00,0XF0,0XFF,0XFC,0XFC,0X03,0X0F,0X00,0X00,0X00,0X00,0X00,0X00,0X00,0X00,
  86          0X00,0X00,0X00,0XF0,0XFF,0XFC,0XFC,0XF3,0X0F,0X00,0X00,0X00,0X00,0X00,0X00,0X00,
  87          0X00,0X00,0X00,0X00,0XC0,0XFF,0XFC,0XF0,0XFF,0X0F,0X00,0X00,0X00,0X00,0X00,0X00,
  88          0X00,0X00,0X00,0X00,0X00,0X00,0XC0,0XF0,0XC0,0X3F,0X0F,0X00,0X00,0X00,0X00,0X00,
  89          0X00,0X00,0X00,0X00,0X00,0X00,0X00,0XC3,0XF0,0XC3,0X0F,0X0F,0X00,0X00,0X00,0X00,
  90          0X00,0X00,0X00,0X00,0X00,0X00,0X00,0X00,0XCF,0XFC,0XC3,0X0F,0X0F,0X00,0X00,0X00,
  91          0X00,0X00,0X00,0X00,0X00,0X00,0X00,0X00,0XC0,0XCF,0XFF,0XC0,0X3F,0X0F,0X00,0X00,
  92          0X00,0X00,0X00,0X00,0X00,0X00,0X00,0X00,0X00,0XC0,0XC3,0X0F,0XC0,0XFF,0X0F,0X00,
  93          0X00,0X00,0X00,0X00,0X00,0X00,0X00,0X00,0X00,0X00,0XC0,0XC3,0X03,0XF0,0XF3,0X0F,
  94          0X00,0X00,0X00,0X00,0X00,0X00,0X00,0X00,0X00,0X00,0X00,0XF0,0XF3,0X03,0XF0,0XC0,
  95          0X0F,0X00,0X00,0X00,0X00,0X00,0X00,0X00,0X00,0X00,0X00,0X00,0XC0,0XC0,0X00,0XF0,
  96          0X00,0X00,0X00,0X00,0X00,0X00,0X00,0X00,0X00,0X00,0X00,0X00,0X00,0X00,0X00,0X00,
  97          0X00,0X00,0X00,0X00,0X00,0X00,0X00,0X00,0X00,0X00,0X00,0X00,0X00,0X00,0X00,0X00,
  98          0X00,0X00,0X00,0X00,0X00,0X00,0X00,0X00,0X00,0X00,0X00,0X00,0X00,0X00,0X00,0X00,
  99          0X00,0X00,0X00,0X00,0X00,0X00,0X00,0X00,0X00,0X00,0X00,0X00,0X00,0X00,0X00,0X00,
 100          0X00,0X00,0X00,0X00,0X00,0X00,0X00,0X00,0X00,0X00,0X00,0X00,0X00,0X00,0X00,0X00,
 101          0X00,0X00,0X00,0X00,0X00,0X00,0X00,0X00,0X00,0X00,0X00,0X00,0X00,0X00,0X00,0X00,
 102          0X00,0X00,0X00,0X00,0X00,0X00,0X00,0X00,0X00,0X00,0X00,0X00,0X00,0X00,0X00,0X00,
 103          0X00,0X00,0X00,0X00,0X00,0X00,0X00,0X00,0X00,0X00,0X00,0X00,0X00,0X00,0X00,0X00,
 104          0X00,0X00,0X00,0X00,0X00,0X00,0X00,0X00,0X00,0X00,0X00,0X00,0X00,0X00,0X00,0X00,
 105          0X00,0X00,0X00,0X00,0X00,0X00,0X00,0X00,0X00,0X00,0X00,0X00,0X00,0X00,0X00,0X00,
 106          0X00,0X00,0X00,0X00,0X00,0X00,0X00,0X00,0X00,0X00,0X00,0X00,0X00,0X00,0X00,0X00,
 107          0X00,0X00,0X00,0X00,0X00,0X00,0X00,0X00,0X00,0X00,0X00,0X00,0X00,0X00,0X00,0X00,
 108          0X00,0X00,0X00,0X00,0X00,0X00,0X00,0X00,0X00,0X00,0X00,0X00,0X00,0X00,0X00,0X00,
 109          0X00,0X00,0X00,0X00,0X00,0X00,0X00,0X00,0X00,0X00,0X00,0X00,0X00,0X00,0X00,0X00,
 110          0X00,0X00,0X00,0X00,0X00,0X00,0X00,0X00,0X00,0X00,0X00,0X00,0X00,0X00,0X00,0X00,
 111          0X00,0X00,0X00,0X00,0X00,0X00,0X00,0X00,0X00,0X00,0X00,0X00,0X00,0X00,0X00,0X00,
 112          0X00,0X00,0X00,0X00,0X00,0X00,0X00,0X00,0X00,0X00,0X00,0X00,0X00,0X00,0X00,0X00,
 113          0X00,0X00,0X00,0X00,0X00,0X00,0X00,0X00,0X00,0X00,0X00,0X00,0X00,0X00,0X00,0X00,
 114          0X00,0X00,0X00,0X00,0X00,
 115          };
 116           char code LCD_DATA2[1717]=
C51 COMPILER V9.59.0.0   MAIN                                                              12/28/2018 18:58:04 PAGE 3   

 117           {
 118          
 119          0x00,0x00,0x00,0x00,0x00,0x00,0x00,0x00,0x00,0x00,0x00,0x00,0x00,0x00,0x00,0x00,0x00,0x00,0x00,0x00,0x00,0
             -x00,0x00,0x00,
 120          0x00,0x00,0x00,0x00,0x00,0x00,0x00,0x00,0x00,0x00,0x00,0x00,0x00,0x00,0x00,0x00,0x00,0x00,0x00,0x00,0x00,0
             -x00,0x00,0x00,
 121          0x00,0x00,0x00,0x00,0x00,0x00,0x00,0x00,0x00,0x00,0x00,0x00,0x00,0x00,0x00,0x00,0x00,0x00,0x00,0x00,0x00,0
             -x00,0x00,0x00,
 122          0x00,0x80,0x00,0x00,0x00,0x00,0x00,0x00,0x00,0x00,0x00,0x00,0x00,0x00,0x00,0x00,0x00,0xC0,0x01,0x00,0x00,0
             -x00,0x00,0x00,
 123          0x00,0x00,0x00,0x00,0x00,0x00,0x00,0x00,0x00,0xC0,0x01,0x00,0x00,0x00,0x00,0x00,0x00,0x00,0x00,0x00,0x00,0
             -x00,0x00,0x00,
 124          0x00,0xE0,0x03,0x00,0x00,0x00,0x00,0x00,0x00,0x00,0x00,0x00,0x00,0x00,0x00,0x00,0x00,0xE0,0x07,0x00,0x00,0
             -x00,0x00,0x00,
 125          0x00,0x00,0x00,0x00,0x00,0x00,0x00,0x00,0xF0,0xE0,0x07,0x00,0x00,0x00,0x00,0x00,0x00,0x00,0x00,0x00,0x00,0
             -x00,0x00,0x00,
 126          0xFC,0xE0,0x07,0x00,0x00,0x00,0x00,0x00,0x00,0x00,0x00,0x00,0x00,0x00,0x00,0x00,0xFF,0xE0,0x07,0x00,0x00,0
             -x00,0x00,0x00,
 127          0x00,0x00,0x00,0x00,0x00,0x00,0x00,0xE0,0xFF,0xE0,0x07,0x00,0x00,0x00,0x00,0x00,0x00,0x00,0x00,0x00,0x00,0
             -x00,0x00,0xF8,
 128          0xFF,0xE0,0x07,0x00,0x00,0x00,0x00,0x00,0x00,0x00,0x00,0x00,0x00,0x00,0x00,0xFE,0xFF,0xE0,0x07,0x00,0x00,0
             -x00,0x00,0x00,
 129          0x00,0x00,0x00,0x00,0x00,0x00,0x80,0xFF,0xFF,0xE0,0x07,0x00,0x00,0x00,0x00,0x00,0x00,0x00,0x00,0x00,0x00,0
             -x00,0xF0,0xFF,
 130          0xFF,0xE0,0x07,0x00,0x00,0x00,0x00,0x00,0x00,0x00,0x00,0x00,0x00,0x00,0xFC,0xFF,0xFF,0xE0,0x07,0x00,0x00,0
             -x00,0x00,0x00,
 131          0x00,0x00,0x00,0x00,0x00,0x80,0x1F,0xF8,0xFF,0xE0,0x07,0x00,0x00,0x00,0x00,0x00,0x00,0x00,0x00,0x00,0x00,0
             -xE0,0x07,0xE0,
 132          0xFF,0xE0,0x07,0x00,0x00,0x00,0x00,0x00,0x00,0x00,0x00,0x00,0x00,0xF8,0x03,0xC0,0xFF,0xE0,0x07,0x00,0x00,0
             -x00,0x00,0x00,
 133          0x00,0x00,0x00,0x00,0x00,0xF8,0x03,0x80,0xFF,0xE0,0x07,0x00,0x00,0x00,0x00,0x00,0x00,0x00,0x00,0x00,0x00,0
             -xF8,0x01,0x00,
 134          0xFF,0xE0,0x07,0x00,0x00,0x00,0x00,0x00,0x00,0x00,0x00,0x00,0x00,0xF8,0xC1,0x03,0xFE,0xE0,0x07,0x00,0x00,0
             -x00,0x00,0x00,
 135          0x00,0x00,0x00,0x00,0x00,0xF8,0xE1,0x03,0xFC,0xE0,0x07,0x00,0x00,0x00,0x00,0x00,0x00,0x00,0x00,0x00,0x00,0
             -xFA,0xE1,0x07,
 136          0xF8,0xE0,0x07,0x00,0x00,0x00,0x00,0x00,0x00,0x00,0x00,0x00,0x00,0xFA,0xE1,0x0F,0xF8,0xE0,0x07,0x00,0x00,0
             -x00,0x00,0x00,
 137          0x00,0x00,0x00,0x00,0x00,0xFA,0xE1,0x0F,0xF0,0xE0,0x07,0x00,0x00,0x00,0x00,0x00,0x00,0x00,0x00,0x00,0x00,0
             -xFA,0xE1,0x1F,
 138          0x40,0xE0,0x07,0x00,0x00,0x00,0x00,0x00,0x00,0x00,0x00,0x00,0x00,0xFA,0xE1,0x3F,0x00,0xF0,0x07,0x00,0x00,0
             -x00,0x00,0x00,
 139          0x00,0x00,0x00,0x00,0x00,0xFA,0xE1,0x7F,0x00,0xF8,0x07,0x00,0x00,0x00,0x00,0x00,0x00,0x00,0x00,0x00,0x00,0
             -xFA,0xE1,0xFF,
 140          0x00,0xFC,0x0F,0x00,0x00,0x00,0x00,0x00,0x00,0x00,0x00,0x00,0x00,0xFA,0xE1,0xFF,0x87,0xFF,0x0F,0x00,0x00,0
             -x00,0x00,0x00,
 141          0x00,0x00,0x00,0x00,0x00,0xFA,0xE1,0xFF,0xFF,0xFF,0x0F,0x00,0x00,0x00,0x00,0x00,0x00,0x00,0x00,0x00,0x00,0
             -xFA,0xE1,0xFF,
 142          0xFF,0xDF,0x0F,0x00,0x00,0x00,0x00,0x00,0x00,0x00,0x00,0x00,0x00,0xFA,0xE1,0xFF,0xFF,0xC7,0x0F,0x00,0x00,0
             -x00,0x00,0x00,
 143          0x00,0x00,0x00,0x00,0x00,0xFA,0xE1,0xFF,0xFF,0xE1,0x0F,0x00,0x00,0x00,0x00,0x00,0x00,0x00,0x00,0x00,0x00,0
             -xFA,0xE1,0xFF,
 144          0x3F,0xE0,0x0F,0x00,0x00,0x00,0x00,0x00,0x00,0x00,0x00,0x00,0x00,0xFA,0xE1,0xFF,0x0F,0xE0,0x0F,0x00,0x00,0
             -x00,0x00,0x00,
 145          0x00,0x00,0x00,0x00,0x00,0xFA,0xE1,0xFF,0x03,0xE0,0x0F,0x00,0x00,0x00,0x00,0x00,0x00,0x00,0x00,0x00,0x00,0
             -xFA,0xE1,0x7F,
 146          0x00,0xFC,0x0F,0x00,0x00,0x00,0x00,0x00,0x00,0x00,0x00,0x00,0x00,0xFA,0xE1,0x1F,0x80,0xFF,0x0F,0x00,0x00,0
             -x00,0x00,0x00,
 147          0x00,0x00,0x00,0x00,0x00,0xFA,0xE1,0x03,0xE0,0xFF,0x0F,0x00,0x00,0x00,0x00,0x00,0x00,0x00,0x00,0x00,0x00,0
             -xFA,0xC1,0x00,
 148          0xF8,0xBF,0x0F,0x00,0x00,0x00,0x00,0x00,0x00,0x00,0x00,0x00,0x00,0xFA,0x01,0x00,0xFF,0xBF,0x0F,0x00,0x00,0
             -x00,0x00,0x00,
C51 COMPILER V9.59.0.0   MAIN                                                              12/28/2018 18:58:04 PAGE 4   

 149          0x00,0x00,0x00,0x00,0x00,0xFA,0x01,0xC0,0xFF,0xBF,0x0F,0x00,0x00,0x00,0x00,0x00,0x00,0x00,0x00,0x00,0x00,0
             -xFA,0x01,0xF8,
 150          0xFF,0xBF,0x0F,0x00,0x00,0x00,0x00,0x00,0x00,0x00,0x00,0x00,0x00,0xFA,0x01,0xFE,0xFF,0xBF,0x0F,0x00,0x00,0
             -x00,0x00,0x00,
 151          0x00,0x00,0x00,0x00,0x00,0xFA,0x81,0xFF,0xFF,0xBF,0x0F,0x00,0x00,0x00,0x00,0x00,0x00,0x00,0x00,0x00,0x00,0
             -xF8,0xE1,0xFF,
 152          0xFF,0xFF,0x07,0x00,0x00,0x00,0x00,0x00,0x00,0x00,0x00,0x00,0x00,0xF8,0xE1,0xFF,0xFF,0xEF,0x07,0x00,0x00,0
             -x00,0x00,0x00,
 153          0x00,0x00,0x00,0x00,0x00,0xF8,0xE1,0xFF,0xFF,0xFB,0x07,0x00,0x00,0x00,0x00,0x00,0x00,0x00,0x00,0x00,0x00,0
             -xF8,0xE1,0xFF,
 154          0x7F,0xFE,0x07,0x00,0x00,0x00,0x00,0x00,0x00,0x00,0x00,0x00,0x00,0xFA,0xE1,0xFF,0xDF,0xFF,0x03,0x00,0x00,0
             -x00,0x00,0x00,
 155          0x00,0x00,0x00,0x00,0x00,0xFA,0xE1,0xFF,0xF7,0xFF,0x01,0x00,0x00,0x00,0x00,0x00,0x00,0x00,0x00,0x00,0x00,0
             -xFA,0xE1,0xFF,
 156          0xFC,0xFF,0x00,0x00,0x00,0x00,0x00,0x00,0x00,0x00,0x00,0x00,0x00,0xFA,0xE1,0xBF,0xFF,0x3F,0x00,0x00,0x00,0
             -x00,0x00,0x00,
 157          0x00,0x00,0x00,0x00,0x00,0xFA,0xE1,0xE7,0xFF,0x07,0x00,0x00,0x00,0x00,0x00,0x00,0x00,0x00,0x00,0x00,0x00,0
             -xFA,0xE1,0xFD,
 158          0xFF,0x01,0x00,0x00,0x00,0x00,0x00,0x00,0x00,0x00,0x00,0x00,0x00,0xFA,0xF1,0xFF,0x7F,0x00,0x00,0x00,0x00,0
             -x00,0x00,0x00,
 159          0x00,0x00,0x00,0x00,0x00,0xFA,0xFD,0xFF,0x0F,0x00,0x00,0x00,0x00,0x00,0x00,0x00,0x00,0x00,0x00,0x00,0x00,0
             -xFA,0xFF,0xFF,
 160          0x03,0x00,0x00,0x00,0x00,0x00,0x00,0x00,0x00,0x00,0x00,0x00,0x00,0xFA,0xFF,0x7F,0x00,0x00,0x00,0x00,0x00,0
             -x00,0x00,0x00,
 161          0x00,0x00,0x00,0x00,0x00,0xD8,0xFF,0x1F,0x00,0x00,0x00,0x00,0x00,0x00,0x00,0x00,0x00,0x00,0x00,0x00,0x00,0
             -xF8,0xFF,0x07,
 162          0x00,0x00,0x00,0x00,0x00,0x00,0x00,0x00,0x00,0x00,0x00,0x00,0x00,0xFC,0xFF,0x00,0x00,0x00,0x00,0x00,0x00,0
             -x00,0x00,0x00,
 163          0x00,0x00,0x00,0x00,0x00,0xFC,0x3F,0x00,0x00,0x00,0x00,0x00,0x00,0x00,0x00,0x00,0x00,0x00,0x00,0x00,0x00,0
             -xFC,0x0F,0x00,
 164          0x00,0x00,0x00,0x00,0x00,0x00,0x00,0x00,0x00,0x00,0x00,0x00,0x00,0xF0,0x01,0x00,0x00,0x00,0x00,0x00,0x00,0
             -x00,0x00,0x00,
 165          0x00,0x00,0x00,0x00,0x00,0x00,0x00,0x00,0x00,0x00,0x00,0x00,0x00,0x00,0x00,0x00,0x00,0x00,0x00,0x00,0x00,0
             -x00,0x00,0x00,
 166          0x00,0x00,0x00,0x00,0x00,0x00,0x00,0x00,0x00,0x00,0x00,0x00,0x00,0x00,0x00,0x00,0x00,0x00,0x00,0x00,0x00,0
             -x00,0x00,0x00,
 167          0x00,0x00,0x00,0x00,0x00,0x00,0x00,0x00,0x00,0x00,0x00,0x00,0x00,0x00,0x00,0x00,/*"C:\Users\Administrator\
             -Desktop\logo2.bmp",0*/
 168          
 169          };
 170          uchar code LCD_INT[74] =          //LCD的初始化指令，具体含义写在后面
 171            {
 172              0X78,0X80,  //选择地址,0X3C，加上W/R为0X78
 173              0X01,0X80,  //进0页
 174              0X09,0X80,  //选1页PPS:选页指令在0页。
 175              0X06,0X80,  //选择正常显示模式
 176              0X12,0X80,  //选择偏置模式
 177              0X40,0X80,  //选择前8行的显示模式？？
 178              0X01,0X80,  //回0页
 179              0X16,0X80,  //选择垂直模式，掉电模式
 180              0x20,0x80,  //选择Y地址，默认为0，可不设置。
 181              0X40,0X80,  //选择X地址，默认为0，可不设置.
 182              0X0C,0X80,  //翻到4页
 183              0X05,0X80,  //打开显示和直接驱动模式（电压倍增器）
 184              0X01,0X80,  //回0页
 185              0X0A,0X80,  //选2页
 186              0X08,0X80,  //设定2倍VLCD电压
 187              0X12,0X80,  //设定温度系数2
 188              0X04,0X80,  //设定VLCD为低，并关闭高压发生器
 189              0XC8,0X80,  //设定VLCD电压 ~=7.74V  //4.5+72*0.045
 190              0X01,0X80,  //回0页
 191              0X0B,0X80,  //翻到3页
C51 COMPILER V9.59.0.0   MAIN                                                              12/28/2018 18:58:04 PAGE 5   

 192              0X40,0X80,  //选择灰度0（寄存器）
 193              0X80,0X80,  //灰度0设为0
 194              0X41,0X80,  //选额灰度1
 195              0X94,0X80,  //灰度1设为20
 196              0X42,0X80,  //选择灰度2
 197              0XA8,0X80,  //灰度2设为40
 198              0X43,0X80,  //选择灰度3
 199              0XBF,0X80,  //灰度3设为63
 200              0X01,0X80,  //回0页
 201              0X0A,0X80,  //选择2页
 202              0X05,0X80,  //设定VLCD为低，并打开高压发生器
 203              0X01,0X80,  //回0页
 204              0X12,0X80,  //打开操作模式，设定垂直模式 ，交换MSB和LSB 0X12:不交换MSB和LSB
 205              0X0A,0X80,  //翻到2页
 206              0X09,0X80,  //设定VLCD为3X
 207              0X0A,0X80,  //设定VLCD为4X
 208              0X0B,0X40,  //设定VLCD为5x，X040：后面开始写DDRAM显示数据
 209            };
 210            
 211          //delay ----------------------------------------------------------------------
 212          void delayus()
 213          {
 214   1        uchar i=9;
 215   1        while(i--);
 216   1      }
 217          
 218          void delayms()
 219          {
 220   1        uchar i, j;
 221   1        i = 32;
 222   1        j = 40;
 223   1        while (j--)
 224   1        { while (i--);
 225   2        }
 226   1        }
 227          
 228          
 229          //I2C init ----------------------------------------------------------------------
 230          sbit I2CRST = P2^0; //定义I2C引脚
 231          sbit SCL =P2^1;
 232          sbit SDA = P2^2;
 233          
 234          void I2C_SOFT_START() //软件模拟I2C 开始信号
 235          {
 236   1        SDA = 1;
 237   1        delayus();
 238   1        SCL = 1;
 239   1        delayus();
 240   1        SDA = 0;
 241   1        delayus();
 242   1        SCL = 0;
 243   1        SDA = 1;
 244   1      }
 245          
 246          void I2C_SOFT_STOP() //软件模拟I2C 停止信号
 247          {
 248   1        SDA = 0;
 249   1        delayus();
 250   1        SCL = 1;
 251   1        delayus();
 252   1        SDA = 1;
 253   1        delayus();
C51 COMPILER V9.59.0.0   MAIN                                                              12/28/2018 18:58:04 PAGE 6   

 254   1        SCL = 0;
 255   1        SDA = 1;
 256   1      }
 257          
 258          
 259          void I2C_SOFT_SEND(uchar S_SND)   //软件模拟I2C，写1字节数据
 260          {
 261   1        uchar i,SOFT_ACK,SND;
 262   1        SOFT_ACK = 1;
 263   1      while (SOFT_ACK)  
 264   1      {
 265   2        SND = S_SND;
 266   2       for (i=8;i!=0;i--)
 267   2        {
 268   3          if(SND & 0X80)
 269   3            SDA = 1;
 270   3          else SDA = 0;
 271   3          SND <<=1;
 272   3          delayus();
 273   3      //    delayus();
 274   3          SCL = 1;
 275   3          delayus();
 276   3      //    delayus();
 277   3          SCL=0;
 278   3          delayus();
 279   3        }
 280   2          SDA =1;
 281   2          delayus();
 282   2          SCL = 1;
 283   2          if(~SDA)
 284   2          {
 285   3            delayus();  //貌似少了这个延时，有时候不能顺利初始化
 286   3            SOFT_ACK = 0; //判断是否重发
 287   3          }SCL=0;
 288   2      }
 289   1      }
 290          
 291          //LCD INT ------------------------------------------------------
 292          void LCD_INIT()
 293          {
 294   1        uint num;
 295   1        I2CRST = 0;           //RST腿拉低
 296   1        delayms();
 297   1        I2CRST = 1;
 298   1        delayms();
 299   1        delayms();
 300   1        delayms();
 301   1        delayms();
 302   1        I2C_SOFT_START();     //发送开始信号
 303   1          for(num=0;num<=74;num++)
 304   1          {
 305   2            I2C_SOFT_SEND(LCD_INT[num]);
 306   2      
 307   2          }                   
 308   1        }
 309          
 310          void LCD_TEST1()        //连续写屏
 311          {
 312   1        uint num;
 313   1            for(num=0;num<=1717;num++)
 314   1          {
 315   2            I2C_SOFT_SEND(LCD_DATA[num]);
C51 COMPILER V9.59.0.0   MAIN                                                              12/28/2018 18:58:04 PAGE 7   

 316   2      
 317   2          } 
 318   1        }
 319          
 320          
 321          void LCD_SET_XY(uchar x,y) //设定在X,Y位置写数据
 322          {
 323   1      
 324   1      I2C_SOFT_STOP();        //芯片没有返回指令列表的指令，SO，结束I2C，再打开。
 325   1        delayus();
 326   1      I2C_SOFT_START(); 
 327   1      
 328   1      I2C_SOFT_SEND(0X78);  //选地址
 329   1      I2C_SOFT_SEND(0X80);  //这个蛋疼的芯片，每次写一条指令都要说明下一条是指令还是数据，所以这么多0X80。
 330   1      I2C_SOFT_SEND(0X01);  //选页指令
 331   1      I2C_SOFT_SEND(0X80);  
 332   1      I2C_SOFT_SEND(0X040|y); //设置Y地址，（0-16）
 333   1      I2C_SOFT_SEND(0X80);    
 334   1      I2C_SOFT_SEND(0X80|x);  //设置X地址， （0-100）
 335   1      I2C_SOFT_SEND(0X40);    //0x40表示后面开始写数据
 336   1      }
 337          
 338          
 339          void main()
 340          {
 341   1      uchar n;
 342   1      LCD_INIT();   //LCD初始化
 343   1      LCD_TEST1();  //连续写数据测试下
 344   1      LCD_SET_XY(60,4); //设定从XY位置开始更新数据。
 345   1      //  for(n=100;n>0;n--)    //我还不会用字库，先在这个位置写几个黑点测试下。
 346   1      //  {
 347   1      //    I2C_SOFT_SEND(0XFF);
 348   1      //  }
 349   1        
 350   1        
 351   1        while(1);
 352   1      }
*** WARNING C280 IN LINE 341 OF main.c: 'n': unreferenced local variable


MODULE INFORMATION:   STATIC OVERLAYABLE
   CODE SIZE        =    294    ----
   CONSTANT SIZE    =   3508    ----
   XDATA SIZE       =   ----    ----
   PDATA SIZE       =   ----    ----
   DATA SIZE        =   ----       5
   IDATA SIZE       =   ----    ----
   BIT SIZE         =   ----    ----
END OF MODULE INFORMATION.


C51 COMPILATION COMPLETE.  1 WARNING(S),  0 ERROR(S)
